<?xml version="1.0" encoding="UTF-8"?>
<!-- Generated by org.testng.reporters.JUnitReportReporter -->
<testsuite hostname="C02XFDDWJG5H" name="tests.WikiHyperlinksTest" tests="1" failures="0" timestamp="4 Oct 2020 15:53:35 GMT" time="9.203" errors="0">
  <testcase name="verifyHyperLinkstest" time="9.203" classname="tests.WikiHyperlinksTest"/>
</testsuite> <!-- tests.WikiHyperlinksTest -->
