<?xml version="1.0" encoding="UTF-8"?>
<!-- Generated by org.testng.reporters.JUnitReportReporter -->
<testsuite hostname="C02XFDDWJG5H" name="tests.WikiPopupTest" tests="1" failures="0" timestamp="6 Oct 2020 18:54:48 GMT" time="17.601" errors="0">
  <testcase name="verifyPopuptest" time="17.601" classname="tests.WikiPopupTest"/>
</testsuite> <!-- tests.WikiPopupTest -->
