<?xml version="1.0" encoding="UTF-8"?>
<!-- Generated by org.testng.reporters.JUnitReportReporter -->
<testsuite hostname="C02XFDDWJG5H" name="tests.WikiHyperlinksTest" tests="1" failures="0" timestamp="6 Oct 2020 18:54:48 GMT" time="16.905" errors="0">
  <testcase name="verifyHyperLinkstest" time="16.905" classname="tests.WikiHyperlinksTest"/>
</testsuite> <!-- tests.WikiHyperlinksTest -->
