<?xml version="1.0" encoding="UTF-8"?>
<!-- Generated by org.testng.reporters.JUnitReportReporter -->
<testsuite hostname="C02XFDDWJG5H" name="tests.WikiMainPageTest" tests="1" failures="0" timestamp="6 Oct 2020 22:37:52 GMT" time="8.254" errors="0">
  <testcase name="verifyMainPagetest" time="8.254" classname="tests.WikiMainPageTest"/>
</testsuite> <!-- tests.WikiMainPageTest -->
