<?xml version="1.0" encoding="UTF-8"?>
<!-- Generated by org.testng.reporters.JUnitReportReporter -->
<testsuite hostname="C02XFDDWJG5H" name="tests.WikiHyperlinksTest" tests="1" failures="0" timestamp="4 Oct 2020 18:39:04 GMT" time="14.193" errors="0">
  <testcase name="verifyHyperLinkstest" time="14.193" classname="tests.WikiHyperlinksTest"/>
</testsuite> <!-- tests.WikiHyperlinksTest -->
