<?xml version="1.0" encoding="UTF-8"?>
<!-- Generated by org.testng.reporters.JUnitReportReporter -->
<testsuite hostname="C02XFDDWJG5H" name="tests.WikiPopupTest" tests="1" failures="0" timestamp="4 Oct 2020 18:43:04 GMT" time="14.194" errors="0">
  <testcase name="verifyPopuptest" time="14.194" classname="tests.WikiPopupTest"/>
</testsuite> <!-- tests.WikiPopupTest -->
