<?xml version="1.0" encoding="UTF-8"?>
<!-- Generated by org.testng.reporters.JUnitReportReporter -->
<testsuite hostname="C02XFDDWJG5H" name="tests.WikiMainPageTest" tests="1" failures="0" timestamp="4 Oct 2020 18:43:04 GMT" time="12.925" errors="0">
  <testcase name="verifyMainPagetest" time="12.925" classname="tests.WikiMainPageTest"/>
</testsuite> <!-- tests.WikiMainPageTest -->
