<?xml version="1.0" encoding="UTF-8"?>
<!-- Generated by org.testng.reporters.JUnitReportReporter -->
<testsuite hostname="C02XFDDWJG5H" name="tests.WikiMainPageTest" tests="1" failures="0" timestamp="4 Oct 2020 03:19:40 GMT" time="6.948" errors="0">
  <testcase name="verifyMainPagetest" time="6.948" classname="tests.WikiMainPageTest"/>
</testsuite> <!-- tests.WikiMainPageTest -->
