<?xml version="1.0" encoding="UTF-8"?>
<!-- Generated by org.testng.reporters.JUnitReportReporter -->
<testsuite hostname="C02XFDDWJG5H" name="tests.WikiMainPageTest" tests="1" failures="0" timestamp="4 Oct 2020 18:38:28 GMT" time="10.509" errors="0">
  <testcase name="verifyMainPagetest" time="10.509" classname="tests.WikiMainPageTest"/>
</testsuite> <!-- tests.WikiMainPageTest -->
