<?xml version="1.0" encoding="UTF-8"?>
<!-- Generated by org.testng.reporters.JUnitReportReporter -->
<testsuite hostname="C02XFDDWJG5H" name="tests.WikiHyperlinksTest" tests="1" failures="0" timestamp="6 Oct 2020 18:55:08 GMT" time="7.202" errors="0">
  <testcase name="verifyHyperLinkstest" time="7.202" classname="tests.WikiHyperlinksTest"/>
</testsuite> <!-- tests.WikiHyperlinksTest -->
