<?xml version="1.0" encoding="UTF-8"?>
<!-- Generated by org.testng.reporters.JUnitReportReporter -->
<testsuite hostname="C02XFDDWJG5H" name="tests.WikiPopupTest" tests="1" failures="0" timestamp="6 Oct 2020 18:55:08 GMT" time="7.326" errors="0">
  <testcase name="verifyPopuptest" time="7.326" classname="tests.WikiPopupTest"/>
</testsuite> <!-- tests.WikiPopupTest -->
